<?xml version="1.0" encoding="UTF-8"?>
<testsuite xmlns:xsi="http://www.w3.org/2001/XMLSchema-instance" xsi:noNamespaceSchemaLocation="https://maven.apache.org/surefire/maven-surefire-plugin/xsd/surefire-test-report.xsd" name="bgu.spl.mics.FutureTest" time="0" tests="1" errors="0" skipped="0" failures="1">
  <properties>
[...]
</properties>
  <testcase name="test" classname="bgu.spl.mics.FutureTest" time="0">
    <failure message="Not a good test" type="org.opentest4j.AssertionFailedError">org.opentest4j.AssertionFailedError: Not a good test
	at bgu.spl.mics.FutureTest.test(FutureTest.java:16)
</failure>
  </testcase>
</testsuite>